<?xml version="1.0" encoding="UTF-8"?>
<!-- Generated by org.testng.reporters.JUnitReportReporter -->
<testsuite hostname="Jasons-MacBook-Pro.local" name="openmarketwatch.marketwatch" tests="1" failures="0" timestamp="29 Jan 2017 05:57:42 GMT" time="13.094" errors="0">
  <testcase name="TestMarketWatch" time="13.094" classname="openmarketwatch.marketwatch"/>
</testsuite> <!-- openmarketwatch.marketwatch -->
